<?xml version="1.0" encoding="UTF-8"?>
<testsuite name="com.team.hospital.HospitalApplicationTests" tests="1" skipped="0" failures="0" errors="0" timestamp="2024-09-23T03:21:20" hostname="Jonghyuns-MacBook-Air.local" time="0.471">
  <properties/>
  <testcase name="contextLoads()" classname="com.team.hospital.HospitalApplicationTests" time="0.471"/>
  <system-out><![CDATA[23:21:05.827 [Test worker] INFO org.springframework.test.context.support.AnnotationConfigContextLoaderUtils -- Could not detect default configuration classes for test class [com.team.hospital.HospitalApplicationTests]: HospitalApplicationTests does not declare any static, non-private, non-final, nested classes annotated with @Configuration.
23:21:05.988 [Test worker] INFO org.springframework.boot.test.context.SpringBootTestContextBootstrapper -- Found @SpringBootConfiguration com.team.hospital.HospitalApplication for test class com.team.hospital.HospitalApplicationTests

  .   ____          _            __ _ _
 /\\ / ___'_ __ _ _(_)_ __  __ _ \ \ \ \
( ( )\___ | '_ | '_| | '_ \/ _` | \ \ \ \
 \\/  ___)| |_)| | | | | || (_| |  ) ) ) )
  '  |____| .__|_| |_|_| |_\__, | / / / /
 =========|_|==============|___/=/_/_/_/

 :: Spring Boot ::                (v3.3.1)

2024-09-22T23:21:06.266-04:00  INFO 56879 --- [    Test worker] c.t.hospital.HospitalApplicationTests    : Starting HospitalApplicationTests using Java 17.0.9 with PID 56879 (started by jonghyunlee in /Users/jonghyunlee/성모병원/back-end)
2024-09-22T23:21:06.268-04:00  INFO 56879 --- [    Test worker] c.t.hospital.HospitalApplicationTests    : The following 2 profiles are active: "blue", "common"
2024-09-22T23:21:06.666-04:00  INFO 56879 --- [    Test worker] .s.d.r.c.RepositoryConfigurationDelegate : Bootstrapping Spring Data JPA repositories in DEFAULT mode.
2024-09-22T23:21:06.707-04:00  INFO 56879 --- [    Test worker] .s.d.r.c.RepositoryConfigurationDelegate : Finished Spring Data repository scanning in 37 ms. Found 12 JPA repository interfaces.
2024-09-22T23:21:07.004-04:00  INFO 56879 --- [    Test worker] o.hibernate.jpa.internal.util.LogHelper  : HHH000204: Processing PersistenceUnitInfo [name: default]
2024-09-22T23:21:07.032-04:00  INFO 56879 --- [    Test worker] org.hibernate.Version                    : HHH000412: Hibernate ORM core version 6.5.2.Final
2024-09-22T23:21:07.046-04:00  INFO 56879 --- [    Test worker] o.h.c.internal.RegionFactoryInitiator    : HHH000026: Second-level cache disabled
2024-09-22T23:21:07.257-04:00  INFO 56879 --- [    Test worker] o.s.o.j.p.SpringPersistenceUnitInfo      : No LoadTimeWeaver setup: ignoring JPA class transformer
2024-09-22T23:21:07.269-04:00  INFO 56879 --- [    Test worker] com.zaxxer.hikari.HikariDataSource       : HikariPool-1 - Starting...
2024-09-22T23:21:09.971-04:00  INFO 56879 --- [    Test worker] com.zaxxer.hikari.pool.HikariPool        : HikariPool-1 - Added connection com.mysql.cj.jdbc.ConnectionImpl@2e66f1bd
2024-09-22T23:21:09.973-04:00  INFO 56879 --- [    Test worker] com.zaxxer.hikari.HikariDataSource       : HikariPool-1 - Start completed.
2024-09-22T23:21:11.021-04:00  INFO 56879 --- [    Test worker] o.h.e.t.j.p.i.JtaPlatformInitiator       : HHH000489: No JTA platform available (set 'hibernate.transaction.jta.platform' to enable JTA platform integration)
2024-09-22T23:21:18.619-04:00  INFO 56879 --- [    Test worker] j.LocalContainerEntityManagerFactoryBean : Initialized JPA EntityManagerFactory for persistence unit 'default'
2024-09-22T23:21:18.833-04:00  INFO 56879 --- [    Test worker] o.s.d.j.r.query.QueryEnhancerFactory     : Hibernate is in classpath; If applicable, HQL parser will be used.
2024-09-22T23:21:19.512-04:00  WARN 56879 --- [    Test worker] JpaBaseConfiguration$JpaWebConfiguration : spring.jpa.open-in-view is enabled by default. Therefore, database queries may be performed during view rendering. Explicitly configure spring.jpa.open-in-view to disable this warning
2024-09-22T23:21:19.530-04:00  INFO 56879 --- [    Test worker] r$InitializeUserDetailsManagerConfigurer : Global AuthenticationManager configured with UserDetailsService bean with name customAccountDetailsService
2024-09-22T23:21:19.649-04:00  INFO 56879 --- [    Test worker] o.s.b.a.w.s.WelcomePageHandlerMapping    : Adding welcome page: class path resource [static/index.html]
2024-09-22T23:21:20.680-04:00  INFO 56879 --- [    Test worker] c.t.hospital.HospitalApplicationTests    : Started HospitalApplicationTests in 14.535 seconds (process running for 15.377)
]]></system-out>
  <system-err><![CDATA[]]></system-err>
</testsuite>
