<?xml version="1.0" encoding="UTF-8"?>
<testsuite name="com.team.hospital.api.patient.PatientServiceTest" tests="4" skipped="0" failures="0" errors="0" timestamp="2024-10-07T23:54:29" hostname="Jonghyuns-MacBook-Air.local" time="1.529">
  <properties/>
  <testcase name="findAll()" classname="com.team.hospital.api.patient.PatientServiceTest" time="0.002"/>
  <testcase name="join()" classname="com.team.hospital.api.patient.PatientServiceTest" time="0.003"/>
  <testcase name="test()" classname="com.team.hospital.api.patient.PatientServiceTest" time="0.001"/>
  <testcase name="findPatientById()" classname="com.team.hospital.api.patient.PatientServiceTest" time="1.522"/>
  <system-out><![CDATA[2024-10-07T19:54:29.379-04:00  INFO 39949 --- [    Test worker] t.c.s.AnnotationConfigContextLoaderUtils : Could not detect default configuration classes for test class [com.team.hospital.api.patient.PatientServiceTest]: PatientServiceTest does not declare any static, non-private, non-final, nested classes annotated with @Configuration.
2024-10-07T19:54:29.392-04:00  INFO 39949 --- [    Test worker] .b.t.c.SpringBootTestContextBootstrapper : Found @SpringBootConfiguration com.team.hospital.HospitalApplication for test class com.team.hospital.api.patient.PatientServiceTest
MALE
]]></system-out>
  <system-err><![CDATA[]]></system-err>
</testsuite>
